<?xml version="1.0" encoding="UTF-8"?>
<!-- Generated by org.testng.reporters.JUnitXMLReporter -->
<testsuite ignored="0" hostname="Mounishs-MacBook-Pro.local" failures="0" tests="1" name="Default test" time="0.072" errors="0" timestamp="2020-06-25T22:57:44 EDT">
  <testcase classname="com.demoaut.newtours.testscripts.FlightBookingTest" name="@BeforeTest openapplication" time="-1.593140264214E9">
    <failure type="org.testng.TestNGException" message="
Parameter &amp;apos;browser&amp;apos; is required by BeforeTest on method openapplication but has not been marked @Optional or defined
in /private/var/folders/f5/hx5_c_pj0wsdb67gxq5sydgh0000gn/T/testng-eclipse-1202514143/testng-customsuite.xml">
      <![CDATA[org.testng.TestNGException: 
Parameter 'browser' is required by BeforeTest on method openapplication but has not been marked @Optional or defined
in /private/var/folders/f5/hx5_c_pj0wsdb67gxq5sydgh0000gn/T/testng-eclipse-1202514143/testng-customsuite.xml
at org.testng.internal.Parameters.createParams(Parameters.java:289)
at org.testng.internal.Parameters.createParametersForMethod(Parameters.java:377)
at org.testng.internal.Parameters.createParameters(Parameters.java:721)
at org.testng.internal.Parameters.createConfigurationParameters(Parameters.java:164)
at org.testng.internal.ConfigInvoker.invokeConfigurations(ConfigInvoker.java:275)
at org.testng.TestRunner.invokeTestConfigurations(TestRunner.java:623)
at org.testng.TestRunner.beforeRun(TestRunner.java:613)
at org.testng.TestRunner.run(TestRunner.java:584)
at org.testng.SuiteRunner.runTest(SuiteRunner.java:402)
at org.testng.SuiteRunner.runSequentially(SuiteRunner.java:396)
at org.testng.SuiteRunner.privateRun(SuiteRunner.java:355)
at org.testng.SuiteRunner.run(SuiteRunner.java:304)
at org.testng.SuiteRunnerWorker.runSuite(SuiteRunnerWorker.java:53)
at org.testng.SuiteRunnerWorker.run(SuiteRunnerWorker.java:96)
at org.testng.TestNG.runSuitesSequentially(TestNG.java:1180)
at org.testng.TestNG.runSuitesLocally(TestNG.java:1102)
at org.testng.TestNG.runSuites(TestNG.java:1032)
at org.testng.TestNG.run(TestNG.java:1000)
at org.testng.remote.AbstractRemoteTestNG.run(AbstractRemoteTestNG.java:115)
at org.testng.remote.RemoteTestNG.initAndRun(RemoteTestNG.java:251)
at org.testng.remote.RemoteTestNG.main(RemoteTestNG.java:77)
]]>
    </failure>
  </testcase> <!-- @BeforeTest openapplication -->
  <testcase classname="com.demoaut.newtours.testscripts.FlightBookingTest" name="@AfterTest closeapplication" time="-1.593140264278E9">
    <skipped/>
  </testcase> <!-- @AfterTest closeapplication -->
  <testcase classname="com.demoaut.newtours.testscripts.FlightBookingTest" name="flightbooking" time="0.0">
    <skipped/>
  </testcase> <!-- flightbooking -->
</testsuite> <!-- Default test -->
